Compilación iniciada a las 06/09/2014 09:59:30 p.m..
     1>Proyecto "A:\vernam\vernam\vernam\vernam\vernam.vcxproj" en el nodo 2 (build destinos).
     1>InitializeBuildStatus:
         Aplicando tarea Touch a "Debug\vernam.unsuccessfulbuild".
       ClCompile:
         Todas las salidas están actualizadas.
         C:\Program Files (x86)\Microsoft Visual Studio 10.0\VC\bin\CL.exe /c /ZI /nologo /W3 /WX- /Od /Oy- /D WIN32 /D _DEBUG /D _CONSOLE /D _UNICODE /D UNICODE /Gm /EHsc /RTC1 /MDd /GS /fp:precise /Zc:wchar_t /Zc:forScope /Yu"StdAfx.h" /Fp"Debug\vernam.pch" /Fo"Debug\\" /Fd"Debug\vc100.pdb" /Gd /TP /analyze- /errorReport:prompt vernam.cpp
         vernam.cpp
     1>a:\vernam\vernam\vernam\vernam\vernam.cpp(64): warning C4018: '<' : no coinciden signed/unsigned
     1>a:\vernam\vernam\vernam\vernam\vernam.cpp(75): warning C4018: '<' : no coinciden signed/unsigned
     1>a:\vernam\vernam\vernam\vernam\funciones.h(12): warning C4018: '<' : no coinciden signed/unsigned
                 a:\vernam\vernam\vernam\vernam\vernam.cpp(61) : vea la referencia a la creación de instancias de plantilla de función 'std::vector<_Ty> StringToAscii<void>(std::string)' que se está compilando
                 with
                 [
                     _Ty=int
                 ]
       ManifestResourceCompile:
         Todas las salidas están actualizadas.
       Link:
         C:\Program Files (x86)\Microsoft Visual Studio 10.0\VC\bin\link.exe /ERRORREPORT:PROMPT /OUT:"A:\vernam\vernam\vernam\Debug\vernam.exe" /INCREMENTAL /NOLOGO kernel32.lib user32.lib gdi32.lib winspool.lib comdlg32.lib advapi32.lib shell32.lib ole32.lib oleaut32.lib uuid.lib odbc32.lib odbccp32.lib /MANIFEST /ManifestFile:"Debug\vernam.exe.intermediate.manifest" /MANIFESTUAC:"level='asInvoker' uiAccess='false'" /DEBUG /PDB:"A:\vernam\vernam\vernam\Debug\vernam.pdb" /SUBSYSTEM:CONSOLE /TLBID:1 /DYNAMICBASE /NXCOMPAT /IMPLIB:"A:\vernam\vernam\vernam\Debug\vernam.lib" /MACHINE:X86 Debug\vernam.exe.embed.manifest.res
         Debug\stdafx.obj
         Debug\vernam.obj
     1>vernam.obj : error LNK2005: ya se definió "class std::vector<int,class std::allocator<int> > __cdecl BintoInt(class std::vector<class std::basic_string<char,struct std::char_traits<char>,class std::allocator<char> >,class std::allocator<class std::basic_string<char,struct std::char_traits<char>,class std::allocator<char> > > >)" (?BintoInt@@YA?AV?$vector@HV?$allocator@H@std@@@std@@V?$vector@V?$basic_string@DU?$char_traits@D@std@@V?$allocator@D@2@@std@@V?$allocator@V?$basic_string@DU?$char_traits@D@std@@V?$allocator@D@2@@std@@@2@@2@@Z) en stdafx.obj
     1>vernam.obj : error LNK2005: ya se definió "class std::basic_string<char,struct std::char_traits<char>,class std::allocator<char> > __cdecl InttoAscci(class std::vector<int,class std::allocator<int> >)" (?InttoAscci@@YA?AV?$basic_string@DU?$char_traits@D@std@@V?$allocator@D@2@@std@@V?$vector@HV?$allocator@H@std@@@2@@Z) en stdafx.obj
     1>A:\vernam\vernam\vernam\Debug\vernam.exe : fatal error LNK1169: se encontraron uno o más símbolos definidos simultáneamente
     1>Compilación del proyecto terminada "A:\vernam\vernam\vernam\vernam\vernam.vcxproj" (build destinos) -- ERROR.

ERROR al compilar.

Tiempo transcurrido 00:00:00.31
